<?xml version="1.0" encoding="UTF-8"?>
<testng-results ignored="0" total="3" passed="2" failed="1" skipped="0">
  <reporter-output>
  </reporter-output>
  <suite started-at="2023-08-20T23:44:24 IST" name="Default suite" finished-at="2023-08-20T23:45:01 IST" duration-ms="36501">
    <groups>
    </groups>
    <test started-at="2023-08-20T23:44:24 IST" name="Default test" finished-at="2023-08-20T23:45:01 IST" duration-ms="36501">
      <class name="com.fai.pageexecution.Amazon_Service">
        <test-method is-config="true" signature="db_connection()[pri:0, instance:com.fai.pageexecution.Amazon_Service@248e319b]" started-at="2023-08-20T23:44:24 IST" name="db_connection" finished-at="2023-08-20T23:44:25 IST" duration-ms="193" status="PASS">
          <reporter-output>
          </reporter-output>
        </test-method> <!-- db_connection -->
        <test-method is-config="true" signature="bmethod()[pri:0, instance:com.fai.pageexecution.Amazon_Service@248e319b]" started-at="2023-08-20T23:44:25 IST" name="bmethod" finished-at="2023-08-20T23:44:30 IST" duration-ms="5408" status="PASS">
          <reporter-output>
          </reporter-output>
        </test-method> <!-- bmethod -->
        <test-method signature="amazon_sceience()[pri:0, instance:com.fai.pageexecution.Amazon_Service@248e319b]" started-at="2023-08-20T23:44:30 IST" name="amazon_sceience" finished-at="2023-08-20T23:44:32 IST" duration-ms="1850" status="PASS">
          <reporter-output>
          </reporter-output>
        </test-method> <!-- amazon_sceience -->
        <test-method is-config="true" signature="amethod()[pri:0, instance:com.fai.pageexecution.Amazon_Service@248e319b]" started-at="2023-08-20T23:44:32 IST" name="amethod" finished-at="2023-08-20T23:44:37 IST" duration-ms="5147" status="PASS">
          <reporter-output>
          </reporter-output>
        </test-method> <!-- amethod -->
        <test-method is-config="true" signature="bmethod()[pri:0, instance:com.fai.pageexecution.Amazon_Service@248e319b]" started-at="2023-08-20T23:44:37 IST" name="bmethod" finished-at="2023-08-20T23:44:41 IST" duration-ms="3919" status="PASS">
          <reporter-output>
          </reporter-output>
        </test-method> <!-- bmethod -->
        <test-method signature="aws()[pri:0, instance:com.fai.pageexecution.Amazon_Service@248e319b]" started-at="2023-08-20T23:44:41 IST" name="aws" finished-at="2023-08-20T23:44:46 IST" duration-ms="5275" status="PASS">
          <reporter-output>
          </reporter-output>
        </test-method> <!-- aws -->
        <test-method is-config="true" signature="amethod()[pri:0, instance:com.fai.pageexecution.Amazon_Service@248e319b]" started-at="2023-08-20T23:44:46 IST" name="amethod" finished-at="2023-08-20T23:44:51 IST" duration-ms="5181" status="PASS">
          <reporter-output>
          </reporter-output>
        </test-method> <!-- amethod -->
        <test-method is-config="true" signature="bmethod()[pri:0, instance:com.fai.pageexecution.Amazon_Service@248e319b]" started-at="2023-08-20T23:44:51 IST" name="bmethod" finished-at="2023-08-20T23:44:55 IST" duration-ms="3969" status="PASS">
          <reporter-output>
          </reporter-output>
        </test-method> <!-- bmethod -->
        <test-method signature="career()[pri:0, instance:com.fai.pageexecution.Amazon_Service@248e319b]" started-at="2023-08-20T23:44:55 IST" name="career" finished-at="2023-08-20T23:44:55 IST" duration-ms="1" status="FAIL">
          <exception class="java.lang.Error">
            <message>
              <![CDATA[Unresolved compilation problem: 
NoSuchElementException cannot be resolved to a type
]]>
            </message>
            <full-stacktrace>
              <![CDATA[java.lang.Error: Unresolved compilation problem: 
NoSuchElementException cannot be resolved to a type

at com.fai.pageexecution.Amazon_Service.career(Amazon_Service.java:102)
at java.base/jdk.internal.reflect.NativeMethodAccessorImpl.invoke0(Native Method)
at java.base/jdk.internal.reflect.NativeMethodAccessorImpl.invoke(NativeMethodAccessorImpl.java:77)
at java.base/jdk.internal.reflect.DelegatingMethodAccessorImpl.invoke(DelegatingMethodAccessorImpl.java:43)
at java.base/java.lang.reflect.Method.invoke(Method.java:568)
at org.testng.internal.MethodInvocationHelper.invokeMethod(MethodInvocationHelper.java:133)
at org.testng.internal.TestInvoker.invokeMethod(TestInvoker.java:598)
at org.testng.internal.TestInvoker.invokeTestMethod(TestInvoker.java:173)
at org.testng.internal.MethodRunner.runInSequence(MethodRunner.java:46)
at org.testng.internal.TestInvoker$MethodInvocationAgent.invoke(TestInvoker.java:824)
at org.testng.internal.TestInvoker.invokeTestMethods(TestInvoker.java:146)
at org.testng.internal.TestMethodWorker.invokeTestMethods(TestMethodWorker.java:146)
at org.testng.internal.TestMethodWorker.run(TestMethodWorker.java:128)
at java.base/java.util.ArrayList.forEach(ArrayList.java:1511)
at org.testng.TestRunner.privateRun(TestRunner.java:794)
at org.testng.TestRunner.run(TestRunner.java:596)
at org.testng.SuiteRunner.runTest(SuiteRunner.java:377)
at org.testng.SuiteRunner.runSequentially(SuiteRunner.java:371)
at org.testng.SuiteRunner.privateRun(SuiteRunner.java:332)
at org.testng.SuiteRunner.run(SuiteRunner.java:276)
at org.testng.SuiteRunnerWorker.runSuite(SuiteRunnerWorker.java:53)
at org.testng.SuiteRunnerWorker.run(SuiteRunnerWorker.java:96)
at org.testng.TestNG.runSuitesSequentially(TestNG.java:1212)
at org.testng.TestNG.runSuitesLocally(TestNG.java:1134)
at org.testng.TestNG.runSuites(TestNG.java:1063)
at org.testng.TestNG.run(TestNG.java:1031)
at org.testng.remote.AbstractRemoteTestNG.run(AbstractRemoteTestNG.java:115)
at org.testng.remote.RemoteTestNG.initAndRun(RemoteTestNG.java:251)
at org.testng.remote.RemoteTestNG.main(RemoteTestNG.java:77)
]]>
            </full-stacktrace>
          </exception> <!-- java.lang.Error -->
          <reporter-output>
          </reporter-output>
        </test-method> <!-- career -->
        <test-method is-config="true" signature="amethod()[pri:0, instance:com.fai.pageexecution.Amazon_Service@248e319b]" started-at="2023-08-20T23:44:55 IST" name="amethod" finished-at="2023-08-20T23:45:00 IST" duration-ms="5183" status="PASS">
          <reporter-output>
          </reporter-output>
        </test-method> <!-- amethod -->
        <test-method is-config="true" signature="db_close()[pri:0, instance:com.fai.pageexecution.Amazon_Service@248e319b]" started-at="2023-08-20T23:45:00 IST" name="db_close" finished-at="2023-08-20T23:45:01 IST" duration-ms="330" status="PASS">
          <reporter-output>
          </reporter-output>
        </test-method> <!-- db_close -->
      </class> <!-- com.fai.pageexecution.Amazon_Service -->
    </test> <!-- Default test -->
  </suite> <!-- Default suite -->
</testng-results>
